<?xml version="1.0" encoding="UTF-8"?>
<!-- Generated by org.testng.reporters.JUnitXMLReporter -->
<testsuite ignored="0" hostname="DESKTOP-F8HC46L" failures="0" tests="2" name="softray-automation-task" time="11.681" errors="0" timestamp="2020-11-27T07:16:04 CET">
  <testcase classname="com.scripts.GetCollections" name="getCollectionAll" time="4.724"/>
  <testcase classname="com.scripts.GetCollections" name="getCollectionSingle" time="2.964"/>
</testsuite> <!-- softray-automation-task -->
