<?xml version="1.0" encoding="UTF-8"?>
<testng-results ignored="0" total="6" passed="6" failed="0" skipped="0">
  <reporter-output>
  </reporter-output>
  <suite started-at="2020-11-30T00:17:44 CET" name="All Test Suite" finished-at="2020-11-30T00:18:02 CET" duration-ms="18056">
    <groups>
    </groups>
    <test started-at="2020-11-30T00:17:44 CET" name="C:/Users/zeb/IdeaProjects/softray-automation-task" finished-at="2020-11-30T00:18:02 CET" duration-ms="18056">
      <class name="com.scripts.PostCollections">
        <test-method signature="postCollections()[pri:0, instance:com.scripts.PostCollections@1198b989]" started-at="2020-11-30T00:17:57 CET" name="postCollections" finished-at="2020-11-30T00:18:02 CET" duration-ms="4287" status="PASS">
          <reporter-output>
          </reporter-output>
        </test-method> <!-- postCollections -->
      </class> <!-- com.scripts.PostCollections -->
      <class name="com.scripts.GetCollections">
        <test-method is-config="true" signature="url()[pri:0, instance:com.scripts.GetCollections@2cbb3d47]" started-at="2020-11-30T00:17:44 CET" name="url" finished-at="2020-11-30T00:17:46 CET" duration-ms="1918" status="PASS">
          <reporter-output>
          </reporter-output>
        </test-method> <!-- url -->
        <test-method signature="getCollectionAll()[pri:0, instance:com.scripts.GetCollections@2cbb3d47]" started-at="2020-11-30T00:17:46 CET" name="getCollectionAll" finished-at="2020-11-30T00:17:50 CET" duration-ms="4470" status="PASS">
          <reporter-output>
          </reporter-output>
        </test-method> <!-- getCollectionAll -->
        <test-method is-config="true" signature="url()[pri:0, instance:com.scripts.GetCollections@2cbb3d47]" started-at="2020-11-30T00:17:50 CET" name="url" finished-at="2020-11-30T00:17:50 CET" duration-ms="1" status="PASS">
          <reporter-output>
          </reporter-output>
        </test-method> <!-- url -->
        <test-method signature="getCollectionSingle()[pri:0, instance:com.scripts.GetCollections@2cbb3d47]" started-at="2020-11-30T00:17:50 CET" name="getCollectionSingle" finished-at="2020-11-30T00:17:54 CET" duration-ms="4123" status="PASS">
          <reporter-output>
          </reporter-output>
        </test-method> <!-- getCollectionSingle -->
      </class> <!-- com.scripts.GetCollections -->
      <class name="com.scripts.NegativeCases">
        <test-method signature="unauthorizedGetRequest()[pri:0, instance:com.scripts.NegativeCases@527e5409]" started-at="2020-11-30T00:17:54 CET" name="unauthorizedGetRequest" finished-at="2020-11-30T00:17:55 CET" duration-ms="952" status="PASS">
          <reporter-output>
          </reporter-output>
        </test-method> <!-- unauthorizedGetRequest -->
        <test-method signature="invalidSearch()[pri:0, instance:com.scripts.NegativeCases@527e5409]" started-at="2020-11-30T00:17:55 CET" name="invalidSearch" finished-at="2020-11-30T00:17:56 CET" duration-ms="983" status="PASS">
          <reporter-output>
          </reporter-output>
        </test-method> <!-- invalidSearch -->
        <test-method signature="postEmptyBody()[pri:0, instance:com.scripts.NegativeCases@527e5409]" started-at="2020-11-30T00:17:56 CET" name="postEmptyBody" finished-at="2020-11-30T00:17:57 CET" duration-ms="1206" status="PASS">
          <reporter-output>
          </reporter-output>
        </test-method> <!-- postEmptyBody -->
      </class> <!-- com.scripts.NegativeCases -->
    </test> <!-- C:/Users/zeb/IdeaProjects/softray-automation-task -->
  </suite> <!-- All Test Suite -->
</testng-results>
