<?xml version="1.0" encoding="UTF-8"?>
<testsuite xmlns:xsi="http://www.w3.org/2001/XMLSchema-instance" xsi:noNamespaceSchemaLocation="https://maven.apache.org/surefire/maven-surefire-plugin/xsd/surefire-test-report-3.0.xsd" version="3.0" name="TestSuite" time="19.382" tests="6" errors="0" skipped="0" failures="0">
  <properties>
[...]
</properties>
  <testcase name="getCollectionAll" classname="com.scripts.GetCollections" time="4.481">
    <system-out><![CDATA[Get All Collections | HTTP Status Code: 200 HTTP/1.1 200 OK
]]></system-out>
  </testcase>
  <testcase name="getCollectionSingle" classname="com.scripts.GetCollections" time="4.127">
    <system-out><![CDATA[Get Single Collection | HTTP Status Code: 200 HTTP/1.1 200 OK
]]></system-out>
  </testcase>
  <testcase name="unauthorizedGetRequest" classname="com.scripts.NegativeCases" time="0.959">
    <system-out><![CDATA[Unauthorized Request | HTTP Status Code: 401 HTTP/1.1 401 Unauthorized
]]></system-out>
  </testcase>
  <testcase name="invalidSearch" classname="com.scripts.NegativeCases" time="1.017">
    <system-out><![CDATA[Invalid Search | HTTP Status Code: 404 HTTP/1.1 404 Not Found
]]></system-out>
  </testcase>
  <testcase name="postEmptyBody" classname="com.scripts.NegativeCases" time="1.174">
    <system-out><![CDATA[Empty Body HTTP | Status Code: 400 HTTP/1.1 400 Bad Request
]]></system-out>
  </testcase>
  <testcase name="postCollections" classname="com.scripts.PostCollections" time="4.309">
    <system-out><![CDATA[Post Collection Saudi Arabia | HTTP Status Code: 200 HTTP/1.1 200 OK
Post Collection Libya | HTTP Status Code: 200 HTTP/1.1 200 OK
Post Collection South Sudan | HTTP Status Code: 200 HTTP/1.1 200 OK
]]></system-out>
  </testcase>
</testsuite>