<?xml version="1.0" encoding="UTF-8"?>
<testng-results ignored="0" total="0" passed="0" failed="0" skipped="0">
  <reporter-output>
  </reporter-output>
  <suite started-at="2020-11-29T14:16:41 CET" name="com.main.TestRunner" finished-at="2020-11-29T14:16:41 CET" duration-ms="26">
    <groups>
    </groups>
    <test started-at="2020-11-29T14:16:41 CET" name="Command line test" finished-at="2020-11-29T14:16:41 CET" duration-ms="26">
    </test> <!-- Command line test -->
  </suite> <!-- com.main.TestRunner -->
</testng-results>
