<?xml version="1.0" encoding="UTF-8"?>
<!-- Generated by org.testng.reporters.JUnitXMLReporter -->
<testsuite ignored="0" hostname="DESKTOP-F8HC46L" failures="0" tests="6" name="Command line test" time="17.356" errors="0" timestamp="2020-11-28T21:26:39 CET">
  <testcase classname="com.scripts.ApiGETCollections" name="getCollectionAll" time="4.671"/>
  <testcase classname="com.scripts.ApiGETCollections" name="getCollectionSingle" time="2.812"/>
  <testcase classname="com.scripts.PostCollections" name="postCollections" time="4.433"/>
  <testcase classname="com.scripts.NegativeCases" name="invalidSearch" time="0.947"/>
  <testcase classname="com.scripts.NegativeCases" name="postEmptyBody" time="0.854"/>
  <testcase classname="com.scripts.NegativeCases" name="unauthorizedGetRequest" time="0.778"/>
</testsuite> <!-- Command line test -->
