<?xml version="1.0" encoding="UTF-8"?>
<!-- Generated by org.testng.reporters.JUnitXMLReporter -->
<testsuite ignored="0" hostname="DESKTOP-F8HC46L" failures="0" tests="6" name="Command line test" time="17.948" errors="0" timestamp="2020-11-29T13:40:48 CET">
  <testcase classname="com.scripts.GetCollections" name="getCollectionAll" time="4.49"/>
  <testcase classname="com.scripts.GetCollections" name="getCollectionSingle" time="3.809"/>
  <testcase classname="com.scripts.PostCollections" name="postCollections" time="4.287"/>
  <testcase classname="com.scripts.NegativeCases" name="invalidSearch" time="1.025"/>
  <testcase classname="com.scripts.NegativeCases" name="postEmptyBody" time="0.962"/>
  <testcase classname="com.scripts.NegativeCases" name="unauthorizedGetRequest" time="0.81"/>
</testsuite> <!-- Command line test -->
