<?xml version="1.0" encoding="UTF-8"?>
<testng-results ignored="0" total="6" passed="6" failed="0" skipped="0">
  <reporter-output>
  </reporter-output>
  <suite started-at="2020-11-29T20:21:24 CET" name="Command line suite" finished-at="2020-11-29T20:21:43 CET" duration-ms="18820">
    <groups>
    </groups>
    <test started-at="2020-11-29T20:21:24 CET" name="Command line test" finished-at="2020-11-29T20:21:43 CET" duration-ms="18820">
      <class name="com.scripts.PostCollections">
        <test-method signature="postCollections()[pri:0, instance:com.scripts.PostCollections@3cef309d]" started-at="2020-11-29T20:21:35 CET" name="postCollections" finished-at="2020-11-29T20:21:40 CET" duration-ms="4740" status="PASS">
          <reporter-output>
          </reporter-output>
        </test-method> <!-- postCollections -->
      </class> <!-- com.scripts.PostCollections -->
      <class name="com.scripts.GetCollections">
        <test-method is-config="true" signature="url()[pri:0, instance:com.scripts.GetCollections@50b494a6]" started-at="2020-11-29T20:21:24 CET" name="url" finished-at="2020-11-29T20:21:27 CET" duration-ms="2562" status="PASS">
          <reporter-output>
          </reporter-output>
        </test-method> <!-- url -->
        <test-method signature="getCollectionAll()[pri:0, instance:com.scripts.GetCollections@50b494a6]" started-at="2020-11-29T20:21:27 CET" name="getCollectionAll" finished-at="2020-11-29T20:21:31 CET" duration-ms="4377" status="PASS">
          <reporter-output>
          </reporter-output>
        </test-method> <!-- getCollectionAll -->
        <test-method signature="getCollectionSingle()[pri:0, instance:com.scripts.GetCollections@50b494a6]" started-at="2020-11-29T20:21:31 CET" name="getCollectionSingle" finished-at="2020-11-29T20:21:35 CET" duration-ms="4125" status="PASS">
          <reporter-output>
          </reporter-output>
        </test-method> <!-- getCollectionSingle -->
        <test-method is-config="true" signature="url()[pri:0, instance:com.scripts.GetCollections@50b494a6]" started-at="2020-11-29T20:21:31 CET" name="url" finished-at="2020-11-29T20:21:31 CET" duration-ms="0" status="PASS">
          <reporter-output>
          </reporter-output>
        </test-method> <!-- url -->
      </class> <!-- com.scripts.GetCollections -->
      <class name="com.scripts.NegativeCases">
        <test-method signature="invalidSearch()[pri:0, instance:com.scripts.NegativeCases@32709393]" started-at="2020-11-29T20:21:40 CET" name="invalidSearch" finished-at="2020-11-29T20:21:41 CET" duration-ms="1063" status="PASS">
          <reporter-output>
          </reporter-output>
        </test-method> <!-- invalidSearch -->
        <test-method signature="postEmptyBody()[pri:0, instance:com.scripts.NegativeCases@32709393]" started-at="2020-11-29T20:21:41 CET" name="postEmptyBody" finished-at="2020-11-29T20:21:42 CET" duration-ms="968" status="PASS">
          <reporter-output>
          </reporter-output>
        </test-method> <!-- postEmptyBody -->
        <test-method signature="unauthorizedGetRequest()[pri:0, instance:com.scripts.NegativeCases@32709393]" started-at="2020-11-29T20:21:42 CET" name="unauthorizedGetRequest" finished-at="2020-11-29T20:21:43 CET" duration-ms="875" status="PASS">
          <reporter-output>
          </reporter-output>
        </test-method> <!-- unauthorizedGetRequest -->
      </class> <!-- com.scripts.NegativeCases -->
    </test> <!-- Command line test -->
  </suite> <!-- Command line suite -->
</testng-results>
